<?xml version="1.0" encoding="UTF-8"?>
<testsuite xmlns:xsi="http://www.w3.org/2001/XMLSchema-instance" xsi:noNamespaceSchemaLocation="https://maven.apache.org/surefire/maven-surefire-plugin/xsd/surefire-test-report.xsd" name="TestRunner" time="0.251" tests="1" errors="1" skipped="0" failures="0">
  <properties>
[...]
</properties>
  <testcase name="initializationError" classname="TestRunner" time="0.004">
    <error message="Not a file or directory: C:\Users\aishg\IdeaProjects\MavenSelenium\src\test\resource\Features\demo.feature" type="java.lang.IllegalArgumentException">java.lang.IllegalArgumentException: Not a file or directory: C:\Users\aishg\IdeaProjects\MavenSelenium\src\test\resource\Features\demo.feature
</error>
  </testcase>
</testsuite>